<?xml version="1.0" encoding="UTF-8"?>
<!-- Generated by org.testng.reporters.JUnitReportReporter -->
<testsuite skipped="0" hostname="MAVBCP203" name="com.internetapp.tests.parallelExecution.TestNG_Parallel1" tests="2" failures="0" timestamp="2020-07-23T23:23:11 GMT+05:30" time="12.010" errors="0">
  <testcase name="testMethod2" time="6.003" classname="com.internetapp.tests.parallelExecution.TestNG_Parallel1"/>
  <system-out/>
  <testcase name="testMethod1" time="6.007" classname="com.internetapp.tests.parallelExecution.TestNG_Parallel1"/>
  <system-out/>
</testsuite> <!-- com.internetapp.tests.parallelExecution.TestNG_Parallel1 -->
