<?xml version="1.0" encoding="UTF-8"?>
<!-- Generated by org.testng.reporters.JUnitReportReporter -->
<testsuite skipped="0" hostname="MAVBCP203" name="com.maveric.scuba.tests.parabank.ParaBank_TestNG" tests="3" failures="0" timestamp="2020-08-05T13:39:31 GMT+05:30" time="197.386" errors="0">
  <testcase name="Register_User" time="35.843" classname="com.maveric.scuba.tests.parabank.ParaBank_TestNG"/>
  <system-out>
05-Aug-2020 01:36:25 PM : <a target=_blank href=screenshots/screenshot_1.png>UrlLaunch  </a> 05-Aug-2020 01:36:32 PM : <a target=_blank href=screenshots/screenshot_2.png>Parabank Site loaded : Login screen  </a> 05-Aug-2020 01:36:33 PM : <a target=_blank href=screenshots/screenshot_3.png>Parabank Site : New User Registration Values are Entered  </a> 05-Aug-2020 01:36:40 PM : <a target=_blank href=screenshots/screenshot_4.png>Parabank Site logged in : New user registered with ID thamarai34; Password: thamarai  </a> 05-Aug-2020 01:36:46 PM : <a target=_blank href=screenshots/screenshot_5.png>Parabank Site logged out after creating registering a new user  </a>  </system-out>
  <testcase name="Paralogin" time="26.675" classname="com.maveric.scuba.tests.parabank.ParaBank_TestNG"/>
  <system-out>
05-Aug-2020 01:37:00 PM : <a target=_blank href=screenshots/screenshot_6.png>UrlLaunch  </a> 05-Aug-2020 01:37:01 PM : <a target=_blank href=screenshots/screenshot_7.png>Credentials entered  </a> 05-Aug-2020 01:37:08 PM : <a target=_blank href=screenshots/screenshot_8.png>Parabank Site logged in successfully  </a> 05-Aug-2020 01:37:14 PM : <a target=_blank href=screenshots/screenshot_9.png>Default account : 19782  </a>  </system-out>
  <testcase name="AccountCreation" time="134.868" classname="com.maveric.scuba.tests.parabank.ParaBank_TestNG"/>
  <system-out>
05-Aug-2020 01:37:28 PM : <a target=_blank href=screenshots/screenshot_10.png>UrlLaunch  </a> 05-Aug-2020 01:37:28 PM : <a target=_blank href=screenshots/screenshot_11.png>Credentials entered  </a> 05-Aug-2020 01:37:36 PM : <a target=_blank href=screenshots/screenshot_12.png>Parabank Site logged in successfully  </a> 05-Aug-2020 01:37:42 PM : <a target=_blank href=screenshots/screenshot_13.png>Default account : 19782  </a> 05-Aug-2020 01:37:49 PM : <a target=_blank href=screenshots/screenshot_14.png>date entred for create account  </a> 05-Aug-2020 01:37:55 PM : <a target=_blank href=screenshots/screenshot_15.png>Account created - '19893'  </a> 05-Aug-2020 01:38:01 PM : <a target=_blank href=screenshots/screenshot_16.png>Utilsive accounts  </a> 05-Aug-2020 01:39:10 PM : <a target=_blank href=screenshots/screenshot_17.png>selected transUtilsion accounts  </a> 05-Aug-2020 01:39:17 PM : <a target=_blank href=screenshots/screenshot_18.png>TransUtilsion completed successfully  </a> 05-Aug-2020 01:39:30 PM : <a target=_blank href=screenshots/screenshot_19.png>Parabank Site logged out  </a>  </system-out>
</testsuite> <!-- com.maveric.scuba.tests.parabank.ParaBank_TestNG -->
