<?xml version="1.0" encoding="UTF-8"?>
<!-- Generated by org.testng.reporters.JUnitReportReporter -->
<testsuite skipped="0" hostname="MAVBCP203" name="com.maveric.scuba.tests.demoqa.Demoqa" tests="1" failures="0" timestamp="2020-08-05T00:03:02 GMT+05:30" time="13.790" errors="0">
  <testcase name="AllElements" time="13.790" classname="com.maveric.scuba.tests.demoqa.Demoqa"/>
  <system-out>
05-Aug-2020 12:03:00 AM : <a target=_blank href=screenshots/screenshot_1.png>UrlLaunch  </a> 05-Aug-2020 12:03:00 AM : <a target=_blank href=screenshots/screenshot_2.png>Sheet  </a>  </system-out>
</testsuite> <!-- com.maveric.scuba.tests.demoqa.Demoqa -->
