<?xml version="1.0" encoding="UTF-8"?>
<!-- Generated by org.testng.reporters.JUnitReportReporter -->
<testsuite skipped="0" hostname="MAVBCP203" name="com.internetapp.tests.Login" tests="1" failures="0" timestamp="2020-07-29T23:27:23 GMT+05:30" time="11.750" errors="0">
  <testcase name="verifyLoginWithInvalidCredentials" time="11.750" classname="com.internetapp.tests.Login"/>
  <system-out>
29-Jul-2020 11:27:19 PM : <a target=_blank href=screenshots/screenshot_1.png>login  </a> 29-Jul-2020 11:27:19 PM : sample log 29-Jul-2020 11:27:21 PM : <a target=_blank href=screenshots/screenshot_2.png>login successful  </a> 29-Jul-2020 11:27:21 PM : <a target=_blank href=screenshots/screenshot_3.png>assert  </a>  </system-out>
</testsuite> <!-- com.internetapp.tests.Login -->
