<?xml version="1.0" encoding="UTF-8"?>
<!-- Generated by org.testng.reporters.JUnitReportReporter -->
<testsuite skipped="0" hostname="MAVBCP203" name="com.CucumberRunner" tests="1" failures="0" timestamp="2020-08-04T17:43:28 GMT+05:30" time="159.228" errors="0">
  <testcase name="scenario" time="159.228" classname="com.CucumberRunner"/>
  <system-out/>
</testsuite> <!-- com.CucumberRunner -->
