<?xml version="1.0" encoding="UTF-8"?>
<!-- Generated by org.testng.reporters.JUnitReportReporter -->
<testsuite skipped="0" hostname="MAVBCP203" name="com.internetapp.tests.parallelExecution.ParallelClassesExample2" tests="4" failures="0" timestamp="2020-07-23T23:21:29 GMT+05:30" time="0.031" errors="0">
  <testcase name="testCase8" time="0.001" classname="com.internetapp.tests.parallelExecution.ParallelClassesExample2"/>
  <system-out/>
  <testcase name="testCase6" time="0.001" classname="com.internetapp.tests.parallelExecution.ParallelClassesExample2"/>
  <system-out/>
  <testcase name="testCase5" time="0.026" classname="com.internetapp.tests.parallelExecution.ParallelClassesExample2"/>
  <system-out/>
  <testcase name="testCase7" time="0.003" classname="com.internetapp.tests.parallelExecution.ParallelClassesExample2"/>
  <system-out/>
</testsuite> <!-- com.internetapp.tests.parallelExecution.ParallelClassesExample2 -->
