<?xml version="1.0" encoding="UTF-8"?>
<!-- Generated by org.testng.reporters.JUnitReportReporter -->
<testsuite skipped="0" hostname="MAVBCP203" name="com.CucumberRunner" tests="1" failures="0" timestamp="2020-08-05T14:39:30 GMT+05:30" time="305.320" errors="0">
  <testcase name="scenario" time="305.320" classname="com.CucumberRunner"/>
  <system-out/>
</testsuite> <!-- com.CucumberRunner -->
